אא	[RUS NOUN MASC SING NOM]
אב	[RUS NOUN MASC SING GEN]
פ	[RUS NOUN MASC SING GEN2]
אג	[RUS NOUN MASC SING DAT]
אד	[RUS NOUN MASC SING ACC]
אה	[RUS NOUN MASC SING INS]
או	[RUS NOUN MASC SING PREP]
ץ	[RUS NOUN MASC SING PREP2]
אס	[RUS NOUN MASC SING VOC]
אז	[RUS NOUN MASC PLUR NOM]
אח	[RUS NOUN MASC PLUR GEN]
אט	[RUS NOUN MASC PLUR DAT]
אי	[RUS NOUN MASC PLUR ACC]
אך	[RUS NOUN MASC PLUR INS]
אכ	[RUS NOUN MASC PLUR PREP]
אל	[RUS NOUN MASC INVAR]
אם	[RUS NOUN MASC SING INVAR]
מ	[RUS NOUN SPK MASC SING NOM]
ן	[RUS NOUN SPK MASC SING GEN]
נ	[RUS NOUN SPK MASC SING DAT]
ס	[RUS NOUN SPK MASC SING ACC]
ע	[RUS NOUN SPK MASC SING INS]
פ	[RUS NOUN SPK MASC SING PREP]
ץ	[RUS NOUN SPK MASC SING VOC]
‗ב	[RUS NOUN SPK MASC PLUR NOM]
‗א	[RUS NOUN SPK MASC PLUR GEN]
‗ג	[RUS NOUN SPK MASC PLUR DAT]
‗ד	[RUS NOUN SPK MASC PLUR ACC]
‗ה	[RUS NOUN SPK MASC PLUR INS]
‗ז	[RUS NOUN SPK MASC PLUR PREP]
דמ	[RUS NOUN ARC MASC SING NOM]
דן	[RUS NOUN ARC MASC SING GEN]
דנ	[RUS NOUN ARC MASC SING DAT]
דס	[RUS NOUN ARC MASC SING ACC]
דע	[RUS NOUN ARC MASC SING INS]
דף	[RUS NOUN ARC MASC SING PREP]
דפ	[RUS NOUN ARC MASC PLUR NOM]
דץ	[RUS NOUN ARC MASC PLUR GEN]
דצ	[RUS NOUN ARC MASC PLUR DAT]
דק	[RUS NOUN ARC MASC PLUR ACC]
דר	[RUS NOUN ARC MASC PLUR INS]
דש	[RUS NOUN ARC MASC PLUR PREP]
גא	[RUS NOUN GCOM SING NOM]
גב	[RUS NOUN GCOM SING GEN]
גג	[RUS NOUN GCOM SING DAT]
גד	[RUS NOUN GCOM SING ACC]
גה	[RUS NOUN GCOM SING INS]
גו	[RUS NOUN GCOM SING PREP]
גז	[RUS NOUN GCOM PLUR NOM]
גח	[RUS NOUN GCOM PLUR GEN]
גט	[RUS NOUN GCOM PLUR DAT]
גי	[RUS NOUN GCOM PLUR ACC]
גך	[RUS NOUN GCOM PLUR INS]
גכ	[RUS NOUN GCOM PLUR PREP]
גל	[RUS NOUN GCOM INVAR]
גם	[RUS NOUN GCOM SING INVAR]
גמ	[RUS NOUN ARC GCOM SING NOM]
גן	[RUS NOUN ARC GCOM SING GEN]
גנ	[RUS NOUN ARC GCOM SING DAT]
גס	[RUS NOUN ARC GCOM SING ACC]
גע	[RUS NOUN ARC GCOM SING INS]
גף	[RUS NOUN ARC GCOM SING PREP]
גפ	[RUS NOUN ARC GCOM PLUR NOM]
גץ	[RUS NOUN ARC GCOM PLUR GEN]
גצ	[RUS NOUN ARC GCOM PLUR DAT]
גק	[RUS NOUN ARC GCOM PLUR ACC]
גר	[RUS NOUN ARC GCOM PLUR INS]
גש	[RUS NOUN ARC GCOM PLUR PREP]
דא	[RUS NOUN FEM SING NOM]
דב	[RUS NOUN FEM SING GEN]
דג	[RUS NOUN FEM SING DAT]
דד	[RUS NOUN FEM SING ACC]
דה	[RUS NOUN FEM SING INS]
דו	[RUS NOUN FEM SING PREP]
ק	[RUS NOUN FEM SING PREP2]
ר	[RUS NOUN FEM SING VOC]
דז	[RUS NOUN FEM PLUR NOM]
דח	[RUS NOUN FEM PLUR GEN]
דט	[RUS NOUN FEM PLUR DAT]
די	[RUS NOUN FEM PLUR ACC]
דך	[RUS NOUN FEM PLUR INS]
דכ	[RUS NOUN FEM PLUR PREP]
דל	[RUS NOUN FEM INVAR]
דם	[RUS NOUN FEM SING INVAR]
א	[RUS NOUN ARC FEM SING NOM]
ב	[RUS NOUN ARC FEM SING GEN]
ג	[RUS NOUN ARC FEM SING DAT]
ד	[RUS NOUN ARC FEM SING ACC]
ה	[RUS NOUN ARC FEM SING INS]
ו	[RUS NOUN ARC FEM SING PREP]
ז	[RUS NOUN ARC FEM PLUR NOM]
ח	[RUS NOUN ARC FEM PLUR GEN]
ט	[RUS NOUN ARC FEM PLUR DAT]
י	[RUS NOUN ARC FEM PLUR ACC]
ך	[RUS NOUN ARC FEM PLUR INS]
כ	[RUS NOUN ARC FEM PLUR PREP]
ל	[RUS NOUN SPK FEM SING NOM]
ם	[RUS NOUN SPK FEM SING GEN]
מ	[RUS NOUN SPK FEM SING DAT]
ן	[RUS NOUN SPK FEM SING ACC]
נ	[RUS NOUN SPK FEM SING INS]
ס	[RUS NOUN SPK FEM SING PREP]
ע	[RUS NOUN SPK FEM PLUR NOM]
ף	[RUS NOUN SPK FEM PLUR GEN]
פ	[RUS NOUN SPK FEM PLUR DAT]
ץ	[RUS NOUN SPK FEM PLUR ACC]
צ	[RUS NOUN SPK FEM PLUR INS]
ק	[RUS NOUN SPK FEM PLUR PREP]
וא	[RUS NOUN NEU SING NOM]
וב	[RUS NOUN NEU SING GEN]
וג	[RUS NOUN NEU SING DAT]
וד	[RUS NOUN NEU SING ACC]
וה	[RUS NOUN NEU SING INS]
וו	[RUS NOUN NEU SING PREP]
וז	[RUS NOUN NEU PLUR NOM]
וח	[RUS NOUN NEU PLUR GEN]
וט	[RUS NOUN NEU PLUR DAT]
וי	[RUS NOUN NEU PLUR ACC]
וך	[RUS NOUN NEU PLUR INS]
וכ	[RUS NOUN NEU PLUR PREP]
ול	[RUS NOUN NEU INVAR]
ום	[RUS NOUN NEU SING INVAR]
	[RUS NOUN NEU SING GEN ABBR]
‗ח	[RUS NOUN SPK NEU SING NOM]
‗ט	[RUS NOUN SPK NEU SING GEN]
‗ך	[RUS NOUN SPK NEU SING DAT]
‗כ	[RUS NOUN SPK NEU SING ACC]
‗ל	[RUS NOUN SPK NEU SING INS]
‗ם	[RUS NOUN SPK NEU SING PREP]
‗מ	[RUS NOUN SPK NEU PLUR NOM]
‗ן	[RUS NOUN SPK NEU PLUR GEN]
‗נ	[RUS NOUN SPK NEU PLUR DAT]
‗ס	[RUS NOUN SPK NEU PLUR ACC]
‗ע	[RUS NOUN SPK NEU PLUR INS]
‗ף	[RUS NOUN SPK NEU PLUR PREP]
טז	[RUS NOUN PLURT NOM]
טח	[RUS NOUN PLURT GEN]
טט	[RUS NOUN PLURT DAT]
טי	[RUS NOUN PLURT ACC]
טך	[RUS NOUN PLURT INS]
טכ	[RUS NOUN PLURT PREP]
טל	[RUS NOUN PLUR INVAR]
אמ	[RUS NOUN MASC INVAR ABBR]
אן	[RUS NOUN MASC SING INVAR ABBR]
אע	[RUS NOUN FEM INVAR ABBR]
אף	[RUS NOUN FEM SING INVAR ABBR]
אצ	[RUS NOUN NEU INVAR ABBR]
אק	[RUS NOUN NEU SING INVAR ABBR]
את	[RUS NOUN PLUR INVAR ABBR]
במ	[RUS NOUN MASC SING NOM FAMN]
בן	[RUS NOUN MASC SING GEN FAMN]
בנ	[RUS NOUN MASC SING DAT FAMN]
בס	[RUS NOUN MASC SING ACC FAMN]
בע	[RUS NOUN MASC SING INS FAMN]
בף	[RUS NOUN MASC SING PREP FAMN]
ב	[RUS NOUN SPK MASC SING VOC FAMN]
בפ	[RUS NOUN MASC PLUR NOM FAMN]
בץ	[RUS NOUN MASC PLUR GEN FAMN]
בצ	[RUS NOUN MASC PLUR DAT FAMN]
בק	[RUS NOUN MASC PLUR ACC FAMN]
בר	[RUS NOUN MASC PLUR INS FAMN]
בש	[RUS NOUN MASC PLUR PREP FAMN]
ב	[RUS NOUN MASC INVAR FAMN]
ג	[RUS NOUN GCOM INVAR FAMN]
ג	[RUS NOUN GCOM SING NOM FAMN]
ג	[RUS NOUN GCOM SING GEN FAMN]
ג	[RUS NOUN GCOM SING DAT FAMN]
ג	[RUS NOUN GCOM SING ACC FAMN]
ג	[RUS NOUN GCOM SING INS FAMN]
ג	[RUS NOUN GCOM SING PREP FAMN]
ג	[RUS NOUN SPK GCOM SING VOC FAMN]
ג	[RUS NOUN GCOM PLUR NOM FAMN]
ג	[RUS NOUN GCOM PLUR GEN FAMN]
ג	[RUS NOUN GCOM PLUR DAT FAMN]
ג	[RUS NOUN GCOM PLUR ACC FAMN]
ג	[RUS NOUN GCOM PLUR INS FAMN]
ג	[RUS NOUN GCOM PLUR PREP FAMN]
המ	[RUS NOUN FEM SING NOM FAMN]
הן	[RUS NOUN FEM SING GEN FAMN]
הנ	[RUS NOUN FEM SING DAT FAMN]
הס	[RUS NOUN FEM SING ACC FAMN]
הע	[RUS NOUN FEM SING INS FAMN]
הף	[RUS NOUN FEM SING PREP FAMN]
ה	[RUS NOUN SPK FEM SING VOC FAMN]
הפ	[RUS NOUN FEM PLUR NOM FAMN]
הץ	[RUS NOUN FEM PLUR GEN FAMN]
הצ	[RUS NOUN FEM PLUR DAT FAMN]
הק	[RUS NOUN FEM PLUR ACC FAMN]
הר	[RUS NOUN FEM PLUR INS FAMN]
הש	[RUS NOUN FEM PLUR PREP FAMN]
ה	[RUS NOUN FEM INVAR FAMN]
א	[RUS NOUN MASC SING NOM PATRN]
ב	[RUS NOUN MASC SING GEN PATRN]
ג	[RUS NOUN MASC SING DAT PATRN]
ד	[RUS NOUN MASC SING ACC PATRN]
ה	[RUS NOUN MASC SING INS PATRN]
ו	[RUS NOUN MASC SING PREP PATRN]
ם	[RUS NOUN MASC PLUR NOM PATRN]
מ	[RUS NOUN MASC PLUR GEN PATRN]
ן	[RUS NOUN MASC PLUR DAT PATRN]
נ	[RUS NOUN MASC PLUR ACC PATRN]
ס	[RUS NOUN MASC PLUR INS PATRN]
ע	[RUS NOUN MASC PLUR PREP PATRN]
ז	[RUS NOUN FEM SING NOM PATRN]
ח	[RUS NOUN FEM SING GEN PATRN]
ט	[RUS NOUN FEM SING DAT PATRN]
ך	[RUS NOUN FEM SING ACC PATRN]
כ	[RUS NOUN FEM SING INS PATRN]
ל	[RUS NOUN FEM SING PREP PATRN]
ף	[RUS NOUN FEM PLUR NOM PATRN]
פ	[RUS NOUN FEM PLUR GEN PATRN]
ץ	[RUS NOUN FEM PLUR DAT PATRN]
צ	[RUS NOUN FEM PLUR ACC PATRN]
ק	[RUS NOUN FEM PLUR INS PATRN]
ר	[RUS NOUN FEM PLUR PREP PATRN]
א	[RUS NOUN SPK MASC SING NOM PATRN]
ב	[RUS NOUN SPK MASC SING GEN PATRN]
ג	[RUS NOUN SPK MASC SING DAT PATRN]
ד	[RUS NOUN SPK MASC SING ACC PATRN]
ה	[RUS NOUN SPK MASC SING INS PATRN]
ו	[RUS NOUN SPK MASC SING PREP PATRN]
ם	[RUS NOUN SPK MASC PLUR NOM PATRN]
מ	[RUS NOUN SPK MASC PLUR GEN PATRN]
ן	[RUS NOUN SPK MASC PLUR DAT PATRN]
נ	[RUS NOUN SPK MASC PLUR ACC PATRN]
ס	[RUS NOUN SPK MASC PLUR INS PATRN]
ע	[RUS NOUN SPK MASC PLUR PREP PATRN]
ז	[RUS NOUN SPK FEM SING NOM PATRN]
ח	[RUS NOUN SPK FEM SING GEN PATRN]
ט	[RUS NOUN SPK FEM SING DAT PATRN]
ך	[RUS NOUN SPK FEM SING ACC PATRN]
כ	[RUS NOUN SPK FEM SING INS PATRN]
ל	[RUS NOUN SPK FEM SING PREP PATRN]
ף	[RUS NOUN SPK FEM PLUR NOM PATRN]
פ	[RUS NOUN SPK FEM PLUR GEN PATRN]
ץ	[RUS NOUN SPK FEM PLUR DAT PATRN]
צ	[RUS NOUN SPK FEM PLUR ACC PATRN]
ק	[RUS NOUN SPK FEM PLUR INS PATRN]
ר	[RUS NOUN SPK FEM PLUR PREP PATRN]
יא	[RUS ADJ MASC SING NOM]
יב	[RUS ADJ MASC SING GEN]
יג	[RUS ADJ MASC SING DAT]
יד	[RUS ADJ MASC SING ACC ANIM]
ש	[RUS ADJ MASC SING ACC INANIM]
יה	[RUS ADJ MASC SING INS]
יו	[RUS ADJ MASC SING PREP]
יז	[RUS ADJ FEM SING NOM]
יח	[RUS ADJ FEM SING GEN]
יט	[RUS ADJ FEM SING DAT]
יי	[RUS ADJ FEM SING ACC]
יך	[RUS ADJ FEM SING INS]
יכ	[RUS ADJ FEM SING PREP]
יל	[RUS ADJ NEU SING NOM]
ים	[RUS ADJ NEU SING GEN]
ימ	[RUS ADJ NEU SING DAT]
ין	[RUS ADJ NEU SING ACC]
ינ	[RUS ADJ NEU SING INS]
יס	[RUS ADJ NEU SING PREP]
יע	[RUS ADJ PLUR NOM]
יף	[RUS ADJ PLUR GEN]
יפ	[RUS ADJ PLUR DAT]
יץ	[RUS ADJ PLUR ACC ANIM]
	[RUS ADJ PLUR ACC INANIM]
יצ	[RUS ADJ PLUR INS]
יק	[RUS ADJ PLUR PREP]
יר	[RUS ADJ MASC SING BREV]
יש	[RUS ADJ FEM SING BREV]
י	[RUS ADJ NEU SING BREV]
י‎	[RUS ADJ PLUR BREV]
י‏	[RUS ADJ COMP]
ית	[RUS ADJ COMP2]
י	[RUS ADJ SPK COMP]
י	[RUS ADJ INVAR]
טא	[RUS ADJ MASC SING NOM SUPR]
טב	[RUS ADJ MASC SING GEN SUPR]
טג	[RUS ADJ MASC SING DAT SUPR]
טד	[RUS ADJ MASC SING ACC ANIM SUPR]
טה	[RUS ADJ MASC SING ACC INANIM SUPR]
טו	[RUS ADJ MASC SING INS SUPR]
ב	[RUS ADJ MASC SING PREP SUPR]
ג	[RUS ADJ FEM SING NOM SUPR]
ד	[RUS ADJ FEM SING GEN SUPR]
ה	[RUS ADJ FEM SING DAT SUPR]
ו	[RUS ADJ FEM SING ACC SUPR]
ז	[RUS ADJ FEM SING INS SUPR]
ח	[RUS ADJ FEM SING PREP SUPR]
טם	[RUS ADJ NEU SING NOM SUPR]
טמ	[RUS ADJ NEU SING GEN SUPR]
טן	[RUS ADJ NEU SING DAT SUPR]
טנ	[RUS ADJ NEU SING ACC SUPR]
טס	[RUS ADJ NEU SING INS SUPR]
טע	[RUS ADJ NEU SING PREP SUPR]
טף	[RUS ADJ PLUR NOM SUPR]
טפ	[RUS ADJ PLUR GEN SUPR]
טץ	[RUS ADJ PLUR DAT SUPR]
טצ	[RUS ADJ PLUR ACC ANIM SUPR]
טק	[RUS ADJ PLUR ACC INANIM SUPR]
טר	[RUS ADJ PLUR INS SUPR]
טש	[RUS ADJ PLUR PREP SUPR]
םנ	[RUS AVALENT INF]
םס	[RUS VERB FUTU AVALENT]
םע	[RUS VERB PAST AVALENT]
םף	[RUS VERB PRES AVALENT]
ךא	[RUS INF ACT]
ךב	[RUS VERB SING PRES P1 ACT]
ךג	[RUS VERB PLUR PRES P1 ACT]
ךד	[RUS VERB SING PRES P2 ACT]
ךה	[RUS VERB PLUR PRES P2 ACT]
ךו	[RUS VERB SING PRES P3 ACT]
ךז	[RUS VERB PLUR PRES P3 ACT]
ךח	[RUS VERB MASC SING PAST ACT]
ךט	[RUS VERB FEM SING PAST ACT]
ךי	[RUS VERB NEU SING PAST ACT]
ךך	[RUS VERB PLUR PAST ACT]
ךן	[RUS VERB SING FUTU P1 ACT]
ךנ	[RUS VERB PLUR FUTU P1 ACT]
ךס	[RUS VERB SING FUTU P2 ACT]
ךע	[RUS VERB PLUR FUTU P2 ACT]
ךף	[RUS VERB SING FUTU P3 ACT]
ךפ	[RUS VERB PLUR FUTU P3 ACT]
ת	[RUS VERB SPK SING PRES P1 ACT]
	[RUS VERB SPK PLUR PRES P1 ACT]
‎	[RUS VERB SPK SING PRES P2 ACT]
‏	[RUS VERB SPK PLUR PRES P2 ACT]
	[RUS VERB SPK SING PRES P3 ACT]
ך‏	[RUS VERB SPK PLUR PRES P3 ACT]
ך	[RUS VERB SPK PLUR PAST ACT]
ך‎	[RUS VERB SPK SING FUTU P1 ACT]
א	[RUS VERB SPK PLUR FUTU P1 ACT]
ב	[RUS VERB SPK SING FUTU P2 ACT]
ג	[RUS VERB SPK PLUR FUTU P2 ACT]
ד	[RUS VERB SPK SING FUTU P3 ACT]
ה	[RUS VERB SPK PLUR FUTU P3 ACT]
ו	[RUS VERB ARC SING PRES P1 ACT]
ז	[RUS VERB ARC PLUR PRES P1 ACT]
ח	[RUS VERB ARC SING PRES P2 ACT]
ט	[RUS VERB ARC PLUR PRES P2 ACT]
י	[RUS VERB ARC SING PRES P3 ACT]
ך	[RUS VERB ARC PLUR PRES P3 ACT]
כ	[RUS VERB ARC PLUR PAST ACT]
ל	[RUS VERB ARC SING FUTU P1 ACT]
ם	[RUS VERB ARC PLUR FUTU P1 ACT]
מ	[RUS VERB ARC SING FUTU P2 ACT]
ן	[RUS VERB ARC PLUR FUTU P2 ACT]
נ	[RUS VERB ARC SING FUTU P3 ACT]
ס	[RUS VERB ARC PLUR FUTU P3 ACT]
ךם	[RUS GPARTCP PRES ACT]
ךמ	[RUS GPARTCP PAST ACT]
ע	[RUS GPARTCP ARC PRES ACT]
ף	[RUS GPARTCP ARC PAST ACT]
םן	[RUS VERB PLUR P1 IMPERV ACT]
ךת	[RUS VERB SING P1 IMPERV ACT]
ךכ	[RUS VERB SING P2 IMPERV ACT]
ךל	[RUS VERB PLUR P2 IMPERV ACT]
כ	[RUS VERB SPK SING P2 IMPERV ACT]
ך	[RUS VERB SPK PLUR P2 IMPERV ACT]
‏	[RUS VERB SING P2 IMPERV ACT ABBR]
פת	[RUS VERB ARC SING P2 IMPERV ACT]
פ‏	[RUS VERB ARC PLUR P2 IMPERV ACT]
כא	[RUS PARTCP MASC SING NOM PRES ACT]
כב	[RUS PARTCP MASC SING GEN PRES ACT]
כג	[RUS PARTCP MASC SING DAT PRES ACT]
כד	[RUS PARTCP MASC SING ACC PRES ANIM ACT]
א	[RUS PARTCP MASC SING ACC PRES INANIM ACT]
כה	[RUS PARTCP MASC SING INS PRES ACT]
כו	[RUS PARTCP MASC SING PREP PRES ACT]
כח	[RUS PARTCP FEM SING NOM PRES ACT]
כט	[RUS PARTCP FEM SING GEN PRES ACT]
כי	[RUS PARTCP FEM SING DAT PRES ACT]
כך	[RUS PARTCP FEM SING ACC PRES ACT]
ככ	[RUS PARTCP FEM SING INS PRES ACT]
כל	[RUS PARTCP FEM SING PREP PRES ACT]
כמ	[RUS PARTCP NEU SING NOM PRES ACT]
כן	[RUS PARTCP NEU SING GEN PRES ACT]
כנ	[RUS PARTCP NEU SING DAT PRES ACT]
כס	[RUS PARTCP NEU SING ACC PRES ACT]
כע	[RUS PARTCP NEU SING INS PRES ACT]
כף	[RUS PARTCP NEU SING PREP PRES ACT]
כץ	[RUS PARTCP PLUR NOM PRES ACT]
כצ	[RUS PARTCP PLUR GEN PRES ACT]
כק	[RUS PARTCP PLUR DAT PRES ACT]
כר	[RUS PARTCP PLUR ACC PRES ANIM ACT]
י	[RUS PARTCP PLUR ACC PRES INANIM ACT]
כש	[RUS PARTCP PLUR INS PRES ACT]
כ	[RUS PARTCP PLUR PREP PRES ACT]
לא	[RUS PARTCP MASC SING NOM PAST ACT]
לב	[RUS PARTCP MASC SING GEN PAST ACT]
לג	[RUS PARTCP MASC SING DAT PAST ACT]
לד	[RUS PARTCP MASC SING ACC PAST ANIM ACT]
ב	[RUS PARTCP MASC SING ACC PAST INANIM ACT]
לה	[RUS PARTCP MASC SING INS PAST ACT]
לו	[RUS PARTCP MASC SING PREP PAST ACT]
לח	[RUS PARTCP FEM SING NOM PAST ACT]
לט	[RUS PARTCP FEM SING GEN PAST ACT]
לי	[RUS PARTCP FEM SING DAT PAST ACT]
לך	[RUS PARTCP FEM SING ACC PAST ACT]
לכ	[RUS PARTCP FEM SING INS PAST ACT]
לל	[RUS PARTCP FEM SING PREP PAST ACT]
למ	[RUS PARTCP NEU SING NOM PAST ACT]
לן	[RUS PARTCP NEU SING GEN PAST ACT]
לנ	[RUS PARTCP NEU SING DAT PAST ACT]
לס	[RUS PARTCP NEU SING ACC PAST ACT]
לע	[RUS PARTCP NEU SING INS PAST ACT]
לף	[RUS PARTCP NEU SING PREP PAST ACT]
לץ	[RUS PARTCP PLUR NOM PAST ACT]
לצ	[RUS PARTCP PLUR GEN PAST ACT]
לק	[RUS PARTCP PLUR DAT PAST ACT]
לר	[RUS PARTCP PLUR ACC PAST ANIM ACT]
ך	[RUS PARTCP PLUR ACC PAST INANIM ACT]
לש	[RUS PARTCP PLUR INS PAST ACT]
ל	[RUS PARTCP PLUR PREP PAST ACT]
ןא	[RUS PARTCP MASC SING NOM PRES PASS]
ןב	[RUS PARTCP MASC SING GEN PRES PASS]
ןג	[RUS PARTCP MASC SING DAT PRES PASS]
ןד	[RUS PARTCP MASC SING ACC PRES ANIM PASS]
ד	[RUS PARTCP MASC SING ACC PRES INANIM PASS]
ןה	[RUS PARTCP MASC SING INS PRES PASS]
ןו	[RUS PARTCP MASC SING PREP PRES PASS]
ןז	[RUS PARTCP MASC SING PRES PASS BREV]
ןח	[RUS PARTCP FEM SING NOM PRES PASS]
ןט	[RUS PARTCP FEM SING GEN PRES PASS]
ןי	[RUS PARTCP FEM SING DAT PRES PASS]
ןך	[RUS PARTCP FEM SING ACC PRES PASS]
ןכ	[RUS PARTCP FEM SING INS PRES PASS]
ןל	[RUS PARTCP FEM SING PREP PRES PASS]
ןם	[RUS PARTCP FEM SING PRES PASS BREV]
ןמ	[RUS PARTCP NEU SING NOM PRES PASS]
ןן	[RUS PARTCP NEU SING GEN PRES PASS]
ןנ	[RUS PARTCP NEU SING DAT PRES PASS]
ןס	[RUS PARTCP NEU SING ACC PRES PASS]
ןע	[RUS PARTCP NEU SING INS PRES PASS]
ןף	[RUS PARTCP NEU SING PREP PRES PASS]
ןפ	[RUS PARTCP NEU SING PRES PASS BREV]
ןץ	[RUS PARTCP PLUR NOM PRES PASS]
ןצ	[RUS PARTCP PLUR GEN PRES PASS]
ןק	[RUS PARTCP PLUR DAT PRES PASS]
ןר	[RUS PARTCP PLUR ACC PRES ANIM PASS]
ל	[RUS PARTCP PLUR ACC PRES INANIM PASS]
ןש	[RUS PARTCP PLUR INS PRES PASS]
ן	[RUS PARTCP PLUR PREP PRES PASS]
ן‎	[RUS PARTCP PLUR PRES PASS BREV]
סא	[RUS PARTCP MASC SING NOM PAST PASS]
סב	[RUS PARTCP MASC SING GEN PAST PASS]
סג	[RUS PARTCP MASC SING DAT PAST PASS]
סד	[RUS PARTCP MASC SING ACC PAST ANIM PASS]
ו	[RUS PARTCP MASC SING ACC PAST INANIM PASS]
סה	[RUS PARTCP MASC SING INS PAST PASS]
סו	[RUS PARTCP MASC SING PREP PAST PASS]
סז	[RUS PARTCP MASC SING PAST PASS BREV]
סח	[RUS PARTCP FEM SING NOM PAST PASS]
סט	[RUS PARTCP FEM SING GEN PAST PASS]
סי	[RUS PARTCP FEM SING DAT PAST PASS]
סך	[RUS PARTCP FEM SING ACC PAST PASS]
סכ	[RUS PARTCP FEM SING INS PAST PASS]
סל	[RUS PARTCP FEM SING PREP PAST PASS]
סם	[RUS PARTCP FEM SING PAST PASS BREV]
סמ	[RUS PARTCP NEU SING NOM PAST PASS]
סן	[RUS PARTCP NEU SING GEN PAST PASS]
סנ	[RUS PARTCP NEU SING DAT PAST PASS]
סס	[RUS PARTCP NEU SING ACC PAST PASS]
סע	[RUS PARTCP NEU SING INS PAST PASS]
סף	[RUS PARTCP NEU SING PREP PAST PASS]
ספ	[RUS PARTCP NEU SING PAST PASS BREV]
סץ	[RUS PARTCP PLUR NOM PAST PASS]
סצ	[RUS PARTCP PLUR GEN PAST PASS]
סק	[RUS PARTCP PLUR DAT PAST PASS]
סר	[RUS PARTCP PLUR ACC PAST ANIM PASS]
מ	[RUS PARTCP PLUR ACC PAST INANIM PASS]
סש	[RUS PARTCP PLUR INS PAST PASS]
ס	[RUS PARTCP PLUR PREP PAST PASS]
ס‎	[RUS PARTCP PLUR PAST PASS BREV]
קא	[RUS PRONOUN SING NOM P1]
קב	[RUS PRONOUN SING GEN P1]
קג	[RUS PRONOUN SING DAT P1]
קד	[RUS PRONOUN SING ACC P1]
קה	[RUS PRONOUN SING INS P1]
קו	[RUS PRONOUN SING PREP P1]
קז	[RUS PRONOUN PLUR NOM P1]
קח	[RUS PRONOUN PLUR GEN P1]
קט	[RUS PRONOUN PLUR DAT P1]
קי	[RUS PRONOUN PLUR ACC P1]
קך	[RUS PRONOUN PLUR INS P1]
קכ	[RUS PRONOUN PLUR PREP P1]
קל	[RUS PRONOUN SING NOM P2]
קם	[RUS PRONOUN SING GEN P2]
קמ	[RUS PRONOUN SING DAT P2]
קן	[RUS PRONOUN SING ACC P2]
קנ	[RUS PRONOUN SING INS P2]
קס	[RUS PRONOUN SING PREP P2]
קע	[RUS PRONOUN PLUR NOM P2]
קף	[RUS PRONOUN PLUR GEN P2]
קפ	[RUS PRONOUN PLUR DAT P2]
קץ	[RUS PRONOUN PLUR ACC P2]
קצ	[RUS PRONOUN PLUR INS P2]
קק	[RUS PRONOUN PLUR PREP P2]
רא	[RUS PRONOUN MASC SING NOM P3]
רב	[RUS PRONOUN MASC SING GEN P3]
רג	[RUS PRONOUN MASC SING DAT P3]
רד	[RUS PRONOUN MASC SING ACC P3]
רה	[RUS PRONOUN MASC SING INS P3]
רו	[RUS PRONOUN MASC SING PREP P3]
רז	[RUS PRONOUN FEM SING NOM P3]
רח	[RUS PRONOUN FEM SING GEN P3]
רט	[RUS PRONOUN FEM SING DAT P3]
רי	[RUS PRONOUN FEM SING ACC P3]
רך	[RUS PRONOUN FEM SING INS P3]
רכ	[RUS PRONOUN FEM SING PREP P3]
רל	[RUS PRONOUN NEU SING NOM P3]
רם	[RUS PRONOUN NEU SING GEN P3]
רמ	[RUS PRONOUN NEU SING DAT P3]
רן	[RUS PRONOUN NEU SING ACC P3]
רנ	[RUS PRONOUN NEU SING INS P3]
רס	[RUS PRONOUN NEU SING PREP P3]
רע	[RUS PRONOUN PLUR NOM P3]
רף	[RUS PRONOUN PLUR GEN P3]
רפ	[RUS PRONOUN PLUR DAT P3]
רץ	[RUS PRONOUN PLUR ACC P3]
רצ	[RUS PRONOUN PLUR INS P3]
רק	[RUS PRONOUN PLUR PREP P3]
שא	[RUS PRONOUN MASC SING NOM]
שב	[RUS PRONOUN MASC SING GEN]
שג	[RUS PRONOUN MASC SING DAT]
שד	[RUS PRONOUN MASC SING ACC]
שה	[RUS PRONOUN MASC SING INS]
שו	[RUS PRONOUN MASC SING PREP]
שז	[RUS PRONOUN FEM SING NOM]
שח	[RUS PRONOUN FEM SING GEN]
שט	[RUS PRONOUN FEM SING DAT]
שי	[RUS PRONOUN FEM SING ACC]
שך	[RUS PRONOUN FEM SING INS]
שכ	[RUS PRONOUN FEM SING PREP]
של	[RUS PRONOUN NEU SING NOM]
שם	[RUS PRONOUN NEU SING GEN]
שמ	[RUS PRONOUN NEU SING DAT]
שן	[RUS PRONOUN NEU SING ACC]
שנ	[RUS PRONOUN NEU SING INS]
שס	[RUS PRONOUN NEU SING PREP]
שע	[RUS PRONOUN PLUR NOM]
שף	[RUS PRONOUN PLUR GEN]
שפ	[RUS PRONOUN PLUR DAT]
שץ	[RUS PRONOUN PLUR ACC]
שצ	[RUS PRONOUN PLUR INS]
שק	[RUS PRONOUN PLUR PREP]
שש	[RUS PRONOUN GEN]
ש	[RUS PRONOUN DAT]
ש‎	[RUS PRONOUN ACC]
ש‏	[RUS PRONOUN INS]
ש	[RUS PRONOUN PREP]
א	[RUS PRONOUNPOSS MASC SING NOM]
ב	[RUS PRONOUNPOSS MASC SING GEN]
ג	[RUS PRONOUNPOSS MASC SING DAT]
ד	[RUS PRONOUNPOSS MASC SING ACC INANIM]
פ	[RUS PRONOUNPOSS MASC SING ACC ANIM]
ה	[RUS PRONOUNPOSS MASC SING INS]
ו	[RUS PRONOUNPOSS MASC SING PREP]
ז	[RUS PRONOUNPOSS FEM SING NOM]
ח	[RUS PRONOUNPOSS FEM SING GEN]
ט	[RUS PRONOUNPOSS FEM SING DAT]
י	[RUS PRONOUNPOSS FEM SING ACC]
ך	[RUS PRONOUNPOSS FEM SING INS]
כ	[RUS PRONOUNPOSS FEM SING PREP]
ל	[RUS PRONOUNPOSS NEU SING NOM]
ם	[RUS PRONOUNPOSS NEU SING GEN]
מ	[RUS PRONOUNPOSS NEU SING DAT]
ן	[RUS PRONOUNPOSS NEU SING ACC]
נ	[RUS PRONOUNPOSS NEU SING INS]
ס	[RUS PRONOUNPOSS NEU SING PREP]
ע	[RUS PRONOUNPOSS PLUR NOM]
ף	[RUS PRONOUNPOSS PLUR GEN]
פ	[RUS PRONOUNPOSS PLUR DAT]
ץ	[RUS PRONOUNPOSS PLUR ACC INANIM]
ץ	[RUS PRONOUNPOSS PLUR ACC ANIM]
צ	[RUS PRONOUNPOSS PLUR INS]
ק	[RUS PRONOUNPOSS PLUR PREP]
ר	[RUS PRONOUNPOSS INVAR]
ש	[RUS PRAEDICPRO SING GEN]
	[RUS PRAEDICPRO SING DAT]
‎	[RUS PRAEDICPRO SING ACC]
‏	[RUS PRAEDICPRO SING INS]
	[RUS PRAEDICPRO SING PREP]
	[RUS PRAEDICPRO]
‎א	[RUS NUM NOM]
‎ב	[RUS NUM GEN]
‎ג	[RUS NUM DAT]
‎ד	[RUS NUM ACC]
‎ה	[RUS NUM INS]
‎ו	[RUS NUM PREP]
א	[RUS NUM ARC NOM]
ב	[RUS NUM ARC GEN]
ג	[RUS NUM ARC DAT]
ד	[RUS NUM ARC ACC]
ה	[RUS NUM ARC INS]
ו	[RUS NUM ARC PREP]
‎ז	[RUS NUM MASC NOM]
‎ח	[RUS NUM MASC GEN]
‎ט	[RUS NUM MASC DAT]
‎י	[RUS NUM MASC ACC]
‎ך	[RUS NUM MASC INS]
‎כ	[RUS NUM MASC PREP]
‎ל	[RUS NUM FEM NOM]
‎ם	[RUS NUM FEM GEN]
‎מ	[RUS NUM FEM DAT]
‎ן	[RUS NUM FEM ACC]
‎נ	[RUS NUM FEM INS]
‎ס	[RUS NUM FEM PREP]
‎ע	[RUS NUM NEU NOM]
‎ף	[RUS NUM NEU GEN]
‎פ	[RUS NUM NEU DAT]
‎ץ	[RUS NUM NEU ACC]
‎צ	[RUS NUM NEU INS]
‎ק	[RUS NUM NEU PREP]
‎ר	[RUS NUM COMP]
‏א	[RUS ORD MASC SING NOM]
‏ב	[RUS ORD MASC SING GEN]
‏ג	[RUS ORD MASC SING DAT]
‏ד	[RUS ORD MASC SING ACC INANIM]
ע	[RUS ORD MASC SING ACC ANIM]
‏ה	[RUS ORD MASC SING INS]
‏ו	[RUS ORD MASC SING PREP]
‏ז	[RUS ORD FEM SING NOM]
‏ח	[RUS ORD FEM SING GEN]
‏ט	[RUS ORD FEM SING DAT]
‏י	[RUS ORD FEM SING ACC]
‏ך	[RUS ORD FEM SING INS]
‏כ	[RUS ORD FEM SING PREP]
‏ל	[RUS ORD NEU SING NOM]
‏ם	[RUS ORD NEU SING GEN]
‏מ	[RUS ORD NEU SING DAT]
‏ן	[RUS ORD NEU SING ACC]
‏נ	[RUS ORD NEU SING INS]
‏ס	[RUS ORD NEU SING PREP]
‏ע	[RUS ORD PLUR NOM]
‏ף	[RUS ORD PLUR GEN]
‏פ	[RUS ORD PLUR DAT]
‏ץ	[RUS ORD PLUR ACC INANIM]
ף	[RUS ORD PLUR ACC ANIM]
‏צ	[RUS ORD PLUR INS]
‏ק	[RUS ORD PLUR PREP]
‏ש	[RUS ORD GEN]
א	[RUS ADVERB]
ם	[RUS ADVERB ADVINTR]
מ	[RUS ADVERB ADVPNT]
ן	[RUS ADVERB SPK]
ב	[RUS PRAEDIC PRES]
ך	[RUS PRAEDIC PAST]
כ	[RUS PRAEDIC]
נ	[RUS PRAEDIC PRES COMP]
ל	[RUS PRAEDIC INVAR]
ג	[RUS PREPOS]
ד	[RUS POSTPOS]
ה	[RUS CONJ]
ו	[RUS INTERJ]
¸	[RUS INTERJ SPK]
ז	[RUS PART]
ח	[RUS PARENTH]
י	[RUS PHRAS]
ן	[RUS VERB SING FUTU P1 PASS]
נ	[RUS VERB PLUR FUTU P1 PASS]
ס	[RUS VERB SING FUTU P2 PASS]
ע	[RUS VERB PLUR FUTU P2 PASS]
ף	[RUS VERB SING FUTU P3 PASS]
פ	[RUS VERB PLUR FUTU P3 PASS]
א	[RUS LOC]
ו	[RUS ADJQUAL]
ז	[RUS SINGT]
ח	[RUS SINGT ORG]
ט	[RUS SINGT LOC]
כ	[RUS TRANS PERFV]
ל	[RUS INTRANS PERFV]
ם	[RUS TRANS IMPERFV]
מ	[RUS INTRANS IMPERFV]
ן	[RUS TRANS IMPERFV]
נ	[RUS INTRANS IMPERFV]
ס	[RUS IMPERFV]
ע	[RUS PERFV]
פ	[RUS VUL]
ץ	[RUS ERR]
ק	[RUS VUL ERR]
צ	[RUS VUL ORG]
ר	[RUS VUL LOC]
ש	[RUS INANIM LOC]
	[RUS INANIM ORG]
	[RUS ANIM FAMN]
ת	[RUS SINGT INANIM LOC]
‎	[RUS SINGT INANIM ORG]
‏	[RUS VUL INANIM]
	[RUS INANIM ERR]
א	[RUS INANIM]
ב	[RUS ANIM]
ג	[RUS VUL INANIM ORG]
ד	[RUS SINGT INANIM]
ה	[RUS SINGT ANIM]
ז	[RUS VUL ANIM]
ח	[RUS ADJPOSS FAMN]
ט	[RUS ADJPOSS]
ך	[RUS SPK TRANS PERFV]
כ	[RUS SPK INTRANS PERFV]
ם	[RUS SPK TRANS IMPERFV]
מ	[RUS SPK INTRANS IMPERFV]
ן	[RUS SPK INANIM]
נ	[RUS SPK ANIM]
ס	[RUS VUL TRANS PERFV]
ע	[RUS VUL INTRANS PERFV]
ף	[RUS VUL TRANS IMPERFV]
פ	[RUS VUL INTRANS IMPERFV]
ץ	[RUS SPK]
צ	[RUS ARC]
ק	[RUS ARC TRANS PERFV]
ר	[RUS ARC INTRANS PERFV]
ש	[RUS ARC TRANS IMPERFV]
	[RUS ARC INTRANS IMPERFV]
	[RUS ARC INANIM]
ת	[RUS ARC ANIM]
‎	[RUS ARC IMPERFV]
‏	[RUS ARC PERFV]
	[RUS ARC ADJQUAL]
¸	[RUS]
א	[RUS ANIM ERR]
ב	[RUS LOC ERR]
‏	[RUS NOUN NEU SING PREP]
